<?xml version="1.0" encoding="UTF-8"?>
<!-- Generated by org.testng.reporters.JUnitReportReporter -->
<testsuite hostname="Sheetals-Laptop.local" failures="0" tests="1" name="in.reqres.apiTesting.TC001_reqres_GETSingleUser" time="0.615" errors="0" timestamp="2023-01-12T10:33:22 EST" skipped="0">
  <testcase classname="in.reqres.apiTesting.TC001_reqres_GETSingleUser" name="getSingleUser" time="0.615"/>
  <system-out/>
</testsuite> <!-- in.reqres.apiTesting.TC001_reqres_GETSingleUser -->
