<?xml version="1.0" encoding="UTF-8"?>
<!-- Generated by org.testng.reporters.JUnitReportReporter -->
<testsuite hostname="Sheetals-Laptop.local" failures="0" tests="1" name="in.reqres.apiTesting.TC004_reqres_UPDATEUser" time="0.261" errors="0" timestamp="2023-01-12T10:33:22 EST" skipped="0">
  <testcase classname="in.reqres.apiTesting.TC004_reqres_UPDATEUser" name="updateUser" time="0.261"/>
  <system-out/>
</testsuite> <!-- in.reqres.apiTesting.TC004_reqres_UPDATEUser -->
